<?xml version="1.0" encoding="UTF-8" ?>
<testsuite tests="7" failures="0" name="GestionDeEventos.VerificacionDatosDeEmpleadoVerificarTest" time="0.01" errors="0" skipped="0">
  <properties>
[...]
</properties>
  <testcase classname="GestionDeEventos.VerificacionDatosDeEmpleadoVerificarTest" name="give_parameters_when_verificar_then_ok[0]" time="0.009"/>
  <testcase classname="GestionDeEventos.VerificacionDatosDeEmpleadoVerificarTest" name="give_parameters_when_verificar_then_ok[1]" time="0"/>
  <testcase classname="GestionDeEventos.VerificacionDatosDeEmpleadoVerificarTest" name="give_parameters_when_verificar_then_ok[2]" time="0"/>
  <testcase classname="GestionDeEventos.VerificacionDatosDeEmpleadoVerificarTest" name="give_parameters_when_verificar_then_ok[3]" time="0"/>
  <testcase classname="GestionDeEventos.VerificacionDatosDeEmpleadoVerificarTest" name="give_parameters_when_verificar_then_ok[4]" time="0.001"/>
  <testcase classname="GestionDeEventos.VerificacionDatosDeEmpleadoVerificarTest" name="give_parameters_when_verificar_then_ok[5]" time="0"/>
  <testcase classname="GestionDeEventos.VerificacionDatosDeEmpleadoVerificarTest" name="give_parameters_when_verificar_then_ok[6]" time="0"/>
</testsuite>